[2021-10-23 13:30:23.364] [exthost] [info] extension host started
[2021-10-23 13:30:23.366] [exthost] [error] Error: EEXIST: file already exists, open '/config/data/User/workspaceStorage/7cdffee9/vscode.lock'
[2021-10-23 13:30:23.371] [exthost] [info] Lock '/config/data/User/workspaceStorage/7cdffee9/vscode.lock': Could not acquire lock, checking if the file is stale.
[2021-10-23 13:30:23.376] [exthost] [info] Lock '/config/data/User/workspaceStorage/7cdffee9/vscode.lock': The pid 432 appears to be gone.
[2021-10-23 13:30:23.376] [exthost] [info] Lock '/config/data/User/workspaceStorage/7cdffee9/vscode.lock': Deleting a stale lock.
[2021-10-23 13:30:23.384] [exthost] [info] Lock '/config/data/User/workspaceStorage/7cdffee9/vscode.lock': Lock acquired.
[2021-10-23 13:30:23.467] [exthost] [info] ExtensionService#_doActivateExtension vscode.debug-auto-launch {"startup":true,"extensionId":{"value":"vscode.debug-auto-launch","_lower":"vscode.debug-auto-launch"},"activationEvent":"*"}
[2021-10-23 13:30:23.468] [exthost] [info] ExtensionService#loadCommonJSModule file:///usr/local/share/.config/yarn/global/node_modules/code-server/vendor/modules/code-oss-dev/extensions/debug-auto-launch/dist/extension
[2021-10-23 13:30:23.475] [exthost] [info] ExtensionService#_doActivateExtension vscode.git {"startup":true,"extensionId":{"value":"vscode.github","_lower":"vscode.github"},"activationEvent":"*"}
[2021-10-23 13:30:23.475] [exthost] [info] ExtensionService#loadCommonJSModule file:///usr/local/share/.config/yarn/global/node_modules/code-server/vendor/modules/code-oss-dev/extensions/git/dist/main
[2021-10-23 13:30:23.764] [exthost] [info] ExtensionService#_doActivateExtension vscode.github {"startup":true,"extensionId":{"value":"vscode.github","_lower":"vscode.github"},"activationEvent":"*"}
[2021-10-23 13:30:23.765] [exthost] [info] ExtensionService#loadCommonJSModule file:///usr/local/share/.config/yarn/global/node_modules/code-server/vendor/modules/code-oss-dev/extensions/github/dist/extension.js
[2021-10-23 13:30:23.866] [exthost] [info] ExtensionService#_doActivateExtension vscode.emmet {"startup":false,"extensionId":{"value":"vscode.emmet","_lower":"vscode.emmet"},"activationEvent":"onStartupFinished"}
[2021-10-23 13:30:23.867] [exthost] [info] ExtensionService#loadCommonJSModule file:///usr/local/share/.config/yarn/global/node_modules/code-server/vendor/modules/code-oss-dev/extensions/emmet/dist/node/emmetNodeMain
[2021-10-23 13:30:23.888] [exthost] [info] ExtensionService#_doActivateExtension vscode.merge-conflict {"startup":false,"extensionId":{"value":"vscode.merge-conflict","_lower":"vscode.merge-conflict"},"activationEvent":"onStartupFinished"}
[2021-10-23 13:30:23.888] [exthost] [info] ExtensionService#loadCommonJSModule file:///usr/local/share/.config/yarn/global/node_modules/code-server/vendor/modules/code-oss-dev/extensions/merge-conflict/dist/mergeConflictMain
[2021-10-23 13:30:23.892] [exthost] [info] eager extensions activated
[2021-10-23 13:30:23.917] [exthost] [info] ExtensionService#_doActivateExtension ms-vscode.js-debug {"startup":false,"extensionId":{"value":"ms-vscode.js-debug","_lower":"ms-vscode.js-debug"},"activationEvent":"onCommand:extension.js-debug.clearAutoAttachVariables"}
[2021-10-23 13:30:23.918] [exthost] [info] ExtensionService#loadCommonJSModule file:///usr/local/share/.config/yarn/global/node_modules/code-server/vendor/modules/code-oss-dev/extensions/ms-vscode.js-debug/src/extension.js
[2021-10-23 13:30:39.102] [exthost] [info] extension host terminating: received terminate message from renderer
[2021-10-23 13:30:39.103] [exthost] [info] Lock '/config/data/User/workspaceStorage/7cdffee9/vscode.lock': Marking the lockfile as scheduled to be released in 6000 ms.
[2021-10-23 13:30:40.112] [exthost] [info] exiting with code 0
[2021-10-23 13:30:42.551] [exthost] [info] extension host started
[2021-10-23 13:30:42.561] [exthost] [info] Lock '/config/data/User/workspaceStorage/-47a5a095/vscode.lock': Lock acquired.
[2021-10-23 13:30:42.654] [exthost] [info] ExtensionService#_doActivateExtension vscode.debug-auto-launch {"startup":true,"extensionId":{"value":"vscode.debug-auto-launch","_lower":"vscode.debug-auto-launch"},"activationEvent":"*"}
[2021-10-23 13:30:42.655] [exthost] [info] ExtensionService#loadCommonJSModule file:///usr/local/share/.config/yarn/global/node_modules/code-server/vendor/modules/code-oss-dev/extensions/debug-auto-launch/dist/extension
[2021-10-23 13:30:42.662] [exthost] [info] ExtensionService#_doActivateExtension vscode.git {"startup":true,"extensionId":{"value":"vscode.github","_lower":"vscode.github"},"activationEvent":"*"}
[2021-10-23 13:30:42.662] [exthost] [info] ExtensionService#loadCommonJSModule file:///usr/local/share/.config/yarn/global/node_modules/code-server/vendor/modules/code-oss-dev/extensions/git/dist/main
[2021-10-23 13:30:42.936] [exthost] [info] ExtensionService#_doActivateExtension vscode.github {"startup":true,"extensionId":{"value":"vscode.github","_lower":"vscode.github"},"activationEvent":"*"}
[2021-10-23 13:30:42.936] [exthost] [info] ExtensionService#loadCommonJSModule file:///usr/local/share/.config/yarn/global/node_modules/code-server/vendor/modules/code-oss-dev/extensions/github/dist/extension.js
[2021-10-23 13:30:43.043] [exthost] [info] ExtensionService#_doActivateExtension vscode.emmet {"startup":false,"extensionId":{"value":"vscode.emmet","_lower":"vscode.emmet"},"activationEvent":"onStartupFinished"}
[2021-10-23 13:30:43.045] [exthost] [info] ExtensionService#loadCommonJSModule file:///usr/local/share/.config/yarn/global/node_modules/code-server/vendor/modules/code-oss-dev/extensions/emmet/dist/node/emmetNodeMain
[2021-10-23 13:30:43.067] [exthost] [info] ExtensionService#_doActivateExtension vscode.merge-conflict {"startup":false,"extensionId":{"value":"vscode.merge-conflict","_lower":"vscode.merge-conflict"},"activationEvent":"onStartupFinished"}
[2021-10-23 13:30:43.067] [exthost] [info] ExtensionService#loadCommonJSModule file:///usr/local/share/.config/yarn/global/node_modules/code-server/vendor/modules/code-oss-dev/extensions/merge-conflict/dist/mergeConflictMain
[2021-10-23 13:30:43.073] [exthost] [info] eager extensions activated
[2021-10-23 13:30:43.215] [exthost] [info] ExtensionService#_doActivateExtension ms-vscode.js-debug {"startup":false,"extensionId":{"value":"ms-vscode.js-debug","_lower":"ms-vscode.js-debug"},"activationEvent":"onCommand:extension.js-debug.clearAutoAttachVariables"}
[2021-10-23 13:30:43.215] [exthost] [info] ExtensionService#loadCommonJSModule file:///usr/local/share/.config/yarn/global/node_modules/code-server/vendor/modules/code-oss-dev/extensions/ms-vscode.js-debug/src/extension.js
[2021-10-23 13:31:34.556] [exthost] [info] extension host terminating: parent process 344 does not exist anymore: kill ESRCH (code: ESRCH) (errno: -3)
[2021-10-23 13:31:34.557] [exthost] [info] Lock '/config/data/User/workspaceStorage/-47a5a095/vscode.lock': Marking the lockfile as scheduled to be released in 6000 ms.
